
WEC-Sim Read Input File ...   
Elapsed time is 0.436748 seconds.

WEC-Sim Pre-processing ...   
	Infinite water depth specified in BEM, "waves.waterDepth" set to 200m for vizualisation.
Elapsed time is 0.126574 seconds.

WEC-Sim Simulation Settings:
	Start Time                     (sec) = 0
	End Time                       (sec) = 100
	Time Step Size                 (sec) = 0.02
	Ramp Function Time             (sec) = 10
	Total Number of Time Steps           = 5000 

Wave Environment: 
	Wave Type                            = No Wave (Convolution Integral Calculation)

List of Body: Number of Bodies = 2 

	***** Body Number 1, Name: float *****
	Body CG                          (m) = [0,0,-0.72]
	Body Mass                       (kg) = 725834 
	Body Diagonal MOI              (kgm2)= [2.09073E+07,2.13061E+07,3.70855E+07]

	***** Body Number 2, Name: spar *****
	Body CG                          (m) = [0,0,-21.29]
	Body Mass                       (kg) = 886691 
	Body Diagonal MOI              (kgm2)= [9.44196E+07,9.44071E+07,2.85422E+07]

List of PTO(s): Number of PTOs = 1 

	***** PTO Name: PTO1 *****
	PTO Stiffness           (N/m;Nm/rad) = 0
	PTO Damping           (Ns/m;Nsm/rad) = 1.2E+06

List of Constraint(s): Number of Constraints = 3 

	***** Constraint Name: Constraint1 *****

	***** Constraint Name: Constraint2 *****

	***** Constraint Name: Constraint3 *****


Simulating the WEC device defined in the SimMechanics model RM3_1PT_Tether_FF.slx...   
Elapsed time is 15.290150 seconds.

Post-processing and saving...   
Elapsed time is 1.523708 seconds.
